ToontownStart: Polling for game2 to finish...
INJECTOR ENABLED
ToontownStart: Game2 is finished.
ToontownStart: Starting the game.
ToontownStart: setting default font
TTLocalizer: Running in language: english
from toontown.toonbase.TTLocalizerEnglish import *
OTPLocalizer: Running in language: english
from otp.otpbase.OTPLocalizerEnglish import *
ToontownStart: Loading default gui sounds
ToontownStart: serverVersion:  sv0.0.0.1-dev
Traceback (most recent call last):
  File "C:\Panda3D-1.9.0\python\lib\runpy.py", line 162, in _run_module_as_main
    "__main__", fname, loader, pkg_name)
  File "C:\Panda3D-1.9.0\python\lib\runpy.py", line 72, in _run_code
    exec code in run_globals
  File "C:\Users\super\Desktop\TT\Toontown Online [Pure]\toontown-online-master\toontown\toonbase\ToontownStart.py", line 105, in <module>
    from toontown.distributed import ToontownClientRepository
  File "toontown\distributed\ToontownClientRepository.py", line 36, in <module>
    from toontown.friends import FriendsListPanel
  File "toontown\friends\FriendsListPanel.py", line 5, in <module>
    from toontown.toon import ToonAvatarPanel
  File "toontown\toon\ToonAvatarPanel.py", line 14, in <module>
    import ToonAvatarDetailPanel
  File "toontown\toon\ToonAvatarDetailPanel.py", line 10, in <module>
    from toontown.friends import FriendInviter
  File "toontown\friends\FriendInviter.py", line 13, in <module>
    from toontown.pets import Pet
  File "toontown\pets\Pet.py", line 30, in <module>
    from src.otp.nametag import *
ImportError: No module named src.otp.nametag
