ToontownStart: Polling for game2 to finish...
INJECTOR ENABLED
ToontownStart: Game2 is finished.
ToontownStart: Starting the game.
ToontownStart: setting default font
TTLocalizer: Running in language: english
from toontown.toonbase.TTLocalizerEnglish import *
OTPLocalizer: Running in language: english
from otp.otpbase.OTPLocalizerEnglish import *
ToontownStart: Loading default gui sounds
ToontownStart: serverVersion:  sv0.0.0.1-dev
{401000001: <toontown.distributed.ToontownDistrict.ToontownDistrict instance at 0x13818850>}
local
local
local
Exception in Tkinter callback
Traceback (most recent call last):
  File "C:\Panda3D-1.9.0\python\lib\lib-tk\Tkinter.py", line 1470, in __call__
    return self.func(*args)
  File "toontown\toonbase\DevInjector.py", line 3, in runInjectorCode
    exec (text.get(1.0, "end"),globals())
  File "<string>", line 4, in <module>
NameError: name 'ToonDNA' is not defined
Exception in Tkinter callback
Traceback (most recent call last):
  File "C:\Panda3D-1.9.0\python\lib\lib-tk\Tkinter.py", line 1470, in __call__
    return self.func(*args)
  File "toontown\toonbase\DevInjector.py", line 3, in runInjectorCode
    exec (text.get(1.0, "end"),globals())
  File "<string>", line 7, in <module>
AttributeError: 'LocalToon' object has no attribute 'getDNAString'
OnscreenText.configure: mayChange == 0
OnscreenText.configure: mayChange == 0
OnscreenText.configure: mayChange == 0
OnscreenText.configure: mayChange == 0
adjusting item index -1
exiting due to lack of items
local
local
OnscreenText.configure: mayChange == 0
OnscreenText.configure: mayChange == 0
OnscreenText.configure: mayChange == 0
OnscreenText.configure: mayChange == 0
OnscreenText.configure: mayChange == 0
OnscreenText.configure: mayChange == 0
OnscreenText.configure: mayChange == 0
OnscreenText.configure: mayChange == 0
fisherman origin:  render/scene/toontownCentral/2000:safe_zone/fishing_pond_1/npc_fisherman_origin_0
frame rate: 41.9 fps|0.054d|3 avs||417|428||0x8086|0x0152|588.3MB|605.8MB|3967.3MB|305|nt.2.6.2|2.300,2.300|2,2 cpus|OpenGL
