ToontownStart: Polling for game2 to finish...
INJECTOR ENABLED
ToontownStart: Game2 is finished.
ToontownStart: Starting the game.
ToontownStart: setting default font
TTLocalizer: Running in language: english
from toontown.toonbase.TTLocalizerEnglish import *
OTPLocalizer: Running in language: english
from otp.otpbase.OTPLocalizerEnglish import *
ToontownStart: Loading default gui sounds
ToontownStart: serverVersion:  sv0.0.0.1-dev
{401000001: <toontown.distributed.ToontownDistrict.ToontownDistrict instance at 0x1284D468>}
{401000001: <toontown.distributed.ToontownDistrict.ToontownDistrict instance at 0x1284D468>}
{401000001: <toontown.distributed.ToontownDistrict.ToontownDistrict instance at 0x1284D468>}
{401000001: <toontown.distributed.ToontownDistrict.ToontownDistrict instance at 0x1284D468>}
{401000001: <toontown.distributed.ToontownDistrict.ToontownDistrict instance at 0x1284D468>}
{401000001: <toontown.distributed.ToontownDistrict.ToontownDistrict instance at 0x1284D468>}
{401000001: <toontown.distributed.ToontownDistrict.ToontownDistrict instance at 0x1284D468>}
{401000001: <toontown.distributed.ToontownDistrict.ToontownDistrict instance at 0x1284D468>}
local
fisherman origin:  render/scene/toontownCentral/2000:safe_zone/fishing_pond_1/npc_fisherman_origin_0
Exception in Tkinter callback
Traceback (most recent call last):
  File "C:\Panda3D-1.9.0\python\lib\lib-tk\Tkinter.py", line 1470, in __call__
    return self.func(*args)
  File "toontown\toonbase\DevInjector.py", line 3, in runInjectorCode
    exec (text.get(1.0, "end"),globals())
  File "<string>", line 5, in <module>
ImportError: cannot import name CLIENT_SET_AVATAR
Exception in Tkinter callback
Traceback (most recent call last):
  File "C:\Panda3D-1.9.0\python\lib\lib-tk\Tkinter.py", line 1470, in __call__
    return self.func(*args)
  File "toontown\toonbase\DevInjector.py", line 3, in runInjectorCode
    exec (text.get(1.0, "end"),globals())
  File "<string>", line 5, in <module>
ImportError: cannot import name CLIENT_SET_AVATAR
