ToontownStart: Polling for game2 to finish...
INJECTOR ENABLED
ToontownStart: Game2 is finished.
ToontownStart: Starting the game.
ToontownStart: setting default font
TTLocalizer: Running in language: english
from toontown.toonbase.TTLocalizerEnglish import *
OTPLocalizer: Running in language: english
from otp.otpbase.OTPLocalizerEnglish import *
ToontownStart: Loading default gui sounds
ToontownStart: serverVersion:  sv0.0.0.1-dev
{401000001: <toontown.distributed.ToontownDistrict.ToontownDistrict instance at 0x13803440>}
{401000001: <toontown.distributed.ToontownDistrict.ToontownDistrict instance at 0x13803440>}
{401000001: <toontown.distributed.ToontownDistrict.ToontownDistrict instance at 0x13803440>}
{401000001: <toontown.distributed.ToontownDistrict.ToontownDistrict instance at 0x13803440>}
{401000001: <toontown.distributed.ToontownDistrict.ToontownDistrict instance at 0x13803440>}
{401000001: <toontown.distributed.ToontownDistrict.ToontownDistrict instance at 0x13803440>}
local
fisherman origin:  render/scene/toontownCentral/2000:safe_zone/fishing_pond_1/npc_fisherman_origin_0
frame rate: 13.3 fps|0.025d|3 avs||431|433||0x8086|0x0152|564.6MB|545.2MB|3967.3MB|257|nt.2.6.2|2.300,2.300|2,2 cpus|OpenGL
OnscreenText.configure: mayChange == 0
OnscreenText.configure: mayChange == 0
OnscreenText.configure: mayChange == 0
OnscreenText.configure: mayChange == 0
frame rate: 28.1 fps|0.012d|0 avs||731|733||0x8086|0x0152|492.6MB|481.2MB|3967.3MB|272|nt.2.6.2|2.300,2.300|2,2 cpus|OpenGL
