ToontownStart: Polling for game2 to finish...
INJECTOR ENABLED
ToontownStart: Game2 is finished.
ToontownStart: Starting the game.
ToontownStart: setting default font
TTLocalizer: Running in language: english
from toontown.toonbase.TTLocalizerEnglish import *
OTPLocalizer: Running in language: english
from otp.otpbase.OTPLocalizerEnglish import *
ToontownStart: Loading default gui sounds
ToontownStart: serverVersion:  sv0.0.0.1-dev
{401000001: <toontown.distributed.ToontownDistrict.ToontownDistrict instance at 0x11810F58>}
local
local
fisherman origin:  render/scene/daisysGarden/5000:safe_zone/fishing_pond_1/npc_fisherman_origin_0
adjusting item index -1
exiting due to lack of items
local
OnscreenText.configure: mayChange == 0
OnscreenText.configure: mayChange == 0
OnscreenText.configure: mayChange == 0
OnscreenText.configure: mayChange == 0
Grid Dimensions X11 Z11
Traceback (most recent call last):
  File "toontown\estate\GardenDropGame.py", line 398, in __run
    self.__handleWin()
  File "toontown\estate\GardenDropGame.py", line 405, in __handleWin
    GardenProgressMeter.GardenProgressMeter()
  File "toontown\estate\GardenProgressMeter.py", line 36, in __init__
    self.typePromotion == GAMEWIN
AttributeError: GardenProgressMeter instance has no attribute 'typePromotion'
Traceback (most recent call last):
  File "otp\otpbase\OTPBase.py", line 238, in run
    taskMgr.run()
  File "C:\Panda3D-1.9.0\python\direct\task\Task.py", line 502, in run
    self.step()
  File "C:\Panda3D-1.9.0\python\direct\task\Task.py", line 460, in step
    self.mgr.poll()
  File "toontown\estate\GardenDropGame.py", line 398, in __run
    self.__handleWin()
  File "toontown\estate\GardenDropGame.py", line 405, in __handleWin
    GardenProgressMeter.GardenProgressMeter()
  File "toontown\estate\GardenProgressMeter.py", line 36, in __init__
    self.typePromotion == GAMEWIN
AttributeError: GardenProgressMeter instance has no attribute 'typePromotion'
