ToontownStart: Polling for game2 to finish...
INJECTOR ENABLED
ToontownStart: Game2 is finished.
ToontownStart: Starting the game.
ToontownStart: setting default font
TTLocalizer: Running in language: english
from toontown.toonbase.TTLocalizerEnglish import *
OTPLocalizer: Running in language: english
from otp.otpbase.OTPLocalizerEnglish import *
ToontownStart: Loading default gui sounds
ToontownStart: serverVersion:  sv0.0.0.1-dev
Traceback (most recent call last):
  File "C:\Panda3D-1.9.0\python\lib\runpy.py", line 162, in _run_module_as_main
    "__main__", fname, loader, pkg_name)
  File "C:\Panda3D-1.9.0\python\lib\runpy.py", line 72, in _run_code
    exec code in run_globals
  File "C:\Users\Keithybubble\Desktop\toontown-online-master\toontown\toonbase\ToontownStart.py", line 105, in <module>
    from toontown.distributed import ToontownClientRepository
  File "toontown\distributed\ToontownClientRepository.py", line 36, in <module>
    from toontown.friends import FriendsListPanel
  File "toontown\friends\FriendsListPanel.py", line 5, in <module>
    from toontown.toon import ToonAvatarPanel
  File "toontown\toon\ToonAvatarPanel.py", line 14, in <module>
    import ToonAvatarDetailPanel
  File "toontown\toon\ToonAvatarDetailPanel.py", line 9, in <module>
    import DistributedToon
  File "toontown\toon\DistributedToon.py", line 25, in <module>
    from toontown.shtiker.OptionsPage import speedChatStyles
  File "toontown\shtiker\OptionsPage.py", line 2, in <module>
    import ShtikerPage
  File "toontown\shtiker\ShtikerPage.py", line 1, in <module>
    import ShtikerBook
  File "toontown\shtiker\ShtikerBook.py", line 8, in <module>
    from toontown.effects import DistributedFireworkShow
  File "toontown\effects\DistributedFireworkShow.py", line 2, in <module>
    from toontown.effects.FireworkShowMixin import FireworkShowMixin
  File "toontown\effects\FireworkShowMixin.py", line 11, in <module>
    from toontown.effects.FireworkShow import FireworkShow
  File "toontown\effects\FireworkShow.py", line 4, in <module>
    from toontown.effects.Firework import Firework
  File "toontown\effects\Firework.py", line 4, in <module>
    from toontown.effects.FireworkEffect import FireworkEffect
  File "toontown\effects\FireworkEffect.py", line 5, in <module>
    from toontown.effects.Glow import Glow
  File "toontown\effects\Glow.py", line 4, in <module>
    from PooledEffect import PooledEffect
  File "toontown\effects\PooledEffect.py", line 2, in <module>
    from direct.showbase import Pool
ImportError: cannot import name Pool
