ToontownStart: Polling for game2 to finish...
INJECTOR ENABLED
ToontownStart: Game2 is finished.
ToontownStart: Starting the game.
ToontownStart: setting default font
TTLocalizer: Running in language: english
from toontown.toonbase.TTLocalizerEnglish import *
OTPLocalizer: Running in language: english
from otp.otpbase.OTPLocalizerEnglish import *
ToontownStart: Loading default gui sounds
ToontownStart: serverVersion:  sv0.0.0.1-dev
{401000001: <toontown.distributed.ToontownDistrict.ToontownDistrict instance at 0x11843F58>}
local
fisherman origin:  render/scene/daisysGarden/5000:safe_zone/fishing_pond_1/npc_fisherman_origin_0
OnscreenText.configure: mayChange == 0
OnscreenText.configure: mayChange == 0
OnscreenText.configure: mayChange == 0
OnscreenText.configure: mayChange == 0
OnscreenText.configure: mayChange == 0
OnscreenText.configure: mayChange == 0
OnscreenText.configure: mayChange == 0
OnscreenText.configure: mayChange == 0
Exception in Tkinter callback
Traceback (most recent call last):
  File "C:\Panda3D-1.9.0\python\lib\lib-tk\Tkinter.py", line 1470, in __call__
    return self.func(*args)
  File "toontown\toonbase\DevInjector.py", line 3, in runInjectorCode
    exec (text.get(1.0, "end"),globals())
  File "<string>", line 1, in <module>
NameError: name 'spellbook' is not defined
Exception in Tkinter callback
Traceback (most recent call last):
  File "C:\Panda3D-1.9.0\python\lib\lib-tk\Tkinter.py", line 1470, in __call__
    return self.func(*args)
  File "toontown\toonbase\DevInjector.py", line 3, in runInjectorCode
    exec (text.get(1.0, "end"),globals())
  File "<string>", line 6, in <module>
AttributeError: 'NoneType' object has no attribute 'magicFanfare'
Warning: NodePath.remove() is deprecated.  Use remove_node() instead.
Warning: NodePath.remove() is deprecated.  Use remove_node() instead.
Warning: NodePath.remove() is deprecated.  Use remove_node() instead.
Warning: NodePath.remove() is deprecated.  Use remove_node() instead.
OnscreenText.configure: mayChange == 0
OnscreenText.configure: mayChange == 0
OnscreenText.configure: mayChange == 0
OnscreenText.configure: mayChange == 0
frame rate: 27.9 fps|0.016d|3 avs||488|498||0x8086|0x0152|615.4MB|602.0MB|3967.3MB|257|nt.2.6.2|2.300,2.300|2,2 cpus|OpenGL
Exception in Tkinter callback
Traceback (most recent call last):
  File "C:\Panda3D-1.9.0\python\lib\lib-tk\Tkinter.py", line 1470, in __call__
    return self.func(*args)
  File "toontown\toonbase\DevInjector.py", line 3, in runInjectorCode
    exec (text.get(1.0, "end"),globals())
  File "<string>", line 1, in <module>
TypeError: rescaleToon() takes exactly 1 argument (2 given)
Exception in Tkinter callback
Traceback (most recent call last):
  File "C:\Panda3D-1.9.0\python\lib\lib-tk\Tkinter.py", line 1470, in __call__
    return self.func(*args)
  File "toontown\toonbase\DevInjector.py", line 3, in runInjectorCode
    exec (text.get(1.0, "end"),globals())
  File "<string>", line 1, in <module>
NameError: name 'bbase' is not defined
Battle Event localtoon-battle-event-3
frame rate: 17.8 fps|0.056d|1 avs||788|799||0x8086|0x0152|715.6MB|829.6MB|3967.3MB|287|nt.2.6.2|2.300,2.300|2,2 cpus|OpenGL
fisherman origin:  render/town_top_level/daisysGarden/5139/fishing_pond_1/npc_fisherman_origin_0
ignoring InputState-forward
