ToontownStart: Polling for game2 to finish...
INJECTOR ENABLED
ToontownStart: Game2 is finished.
ToontownStart: Starting the game.
ToontownStart: setting default font
TTLocalizer: Running in language: english
from toontown.toonbase.TTLocalizerEnglish import *
OTPLocalizer: Running in language: english
from otp.otpbase.OTPLocalizerEnglish import *
ToontownStart: Loading default gui sounds
ToontownStart: serverVersion:  sv0.0.0.1-dev
{401000001: <toontown.distributed.ToontownDistrict.ToontownDistrict instance at 0x1181EF08>}
local
local
fisherman origin:  render/scene/toontownCentral/2000:safe_zone/fishing_pond_1/npc_fisherman_origin_0
handleButton
OnscreenText.configure: mayChange == 0
OnscreenText.configure: mayChange == 0
OnscreenText.configure: mayChange == 0
OnscreenText.configure: mayChange == 0
OnscreenText.configure: mayChange == 0
OnscreenText.configure: mayChange == 0
OnscreenText.configure: mayChange == 0
OnscreenText.configure: mayChange == 0
frame rate: 12.6 fps|0.130d|8 avs||430|437||0x8086|0x0152|785.6MB|774.7MB|3967.3MB|539|nt.2.6.2|2.300,2.300|2,2 cpus|OpenGL
fisherman origin:  render/scene/daisysGarden/5000:safe_zone/fishing_pond_1/npc_fisherman_origin_0
OnscreenText.configure: mayChange == 0
OnscreenText.configure: mayChange == 0
OnscreenText.configure: mayChange == 0
OnscreenText.configure: mayChange == 0
Battle Event localtoon-battle-event-17
frame rate: 45.2 fps|0.044d|4 avs||730|737||0x8086|0x0152|1024.5MB|1135.4MB|3967.3MB|613|nt.2.6.2|2.300,2.300|2,2 cpus|OpenGL
Battle Event localtoon-battle-event-22
### newVec3 =  LVector3f(2, 10.3, 1.5)
### newVec3 =  LVector3f(2, 10.3, 0)
### newVec3 =  LVector3f(2, 10.3, 0.375)
### newVec3 =  LVector3f(2, 10.3, 0)
Battle Event localtoon-battle-event-27
frame rate: 47.8 fps|0.002d|3 avs||1030|1037||0x8086|0x0152|1117.6MB|1360.2MB|3967.3MB|641|nt.2.6.2|2.300,2.300|2,2 cpus|OpenGL
fisherman origin:  render/town_top_level/daisysGarden/5139/fishing_pond_1/npc_fisherman_origin_0
frame rate: 46.4 fps|0.009d|0 avs||1330|1337||0x8086|0x0152|1280.1MB|1445.8MB|3967.3MB|685|nt.2.6.2|2.300,2.300|2,2 cpus|OpenGL
Battle Event localtoon-battle-event-32
OnscreenText.configure: mayChange == 0
OnscreenText.configure: mayChange == 0
OnscreenText.configure: mayChange == 0
OnscreenText.configure: mayChange == 0
OnscreenText.configure: mayChange == 0
OnscreenText.configure: mayChange == 0
OnscreenText.configure: mayChange == 0
OnscreenText.configure: mayChange == 0
frame rate: 46.9 fps|0.034d|1 avs||1630|1637||0x8086|0x0152|1363.2MB|1642.9MB|3967.3MB|733|nt.2.6.2|2.300,2.300|2,2 cpus|OpenGL
Battle Event localtoon-battle-event-37
Exception in Tkinter callback
Traceback (most recent call last):
  File "C:\Panda3D-1.9.0\python\lib\lib-tk\Tkinter.py", line 1470, in __call__
    return self.func(*args)
  File "toontown\toonbase\DevInjector.py", line 3, in runInjectorCode
    exec (text.get(1.0, "end"),globals())
  File "<string>", line 1, in <module>
TypeError: playSplashEffect() takes exactly 4 arguments (1 given)
Battle Event localtoon-battle-event-42
Exception in Tkinter callback
Traceback (most recent call last):
  File "C:\Panda3D-1.9.0\python\lib\lib-tk\Tkinter.py", line 1470, in __call__
    return self.func(*args)
  File "toontown\toonbase\DevInjector.py", line 3, in runInjectorCode
    exec (text.get(1.0, "end"),globals())
  File "<string>", line 5, in <module>
NameError: name 'X' is not defined
Exception in Tkinter callback
Traceback (most recent call last):
  File "C:\Panda3D-1.9.0\python\lib\lib-tk\Tkinter.py", line 1470, in __call__
    return self.func(*args)
  File "toontown\toonbase\DevInjector.py", line 3, in runInjectorCode
    exec (text.get(1.0, "end"),globals())
  File "<string>", line 2, in <module>
AttributeError: 'NoneType' object has no attribute 'setPos'
Exception in Tkinter callback
Traceback (most recent call last):
  File "C:\Panda3D-1.9.0\python\lib\lib-tk\Tkinter.py", line 1470, in __call__
    return self.func(*args)
  File "toontown\toonbase\DevInjector.py", line 3, in runInjectorCode
    exec (text.get(1.0, "end"),globals())
  File "<string>", line 2, in <module>
AttributeError: 'NoneType' object has no attribute 'setPos'
Exception in Tkinter callback
Traceback (most recent call last):
  File "C:\Panda3D-1.9.0\python\lib\lib-tk\Tkinter.py", line 1470, in __call__
    return self.func(*args)
  File "toontown\toonbase\DevInjector.py", line 3, in runInjectorCode
    exec (text.get(1.0, "end"),globals())
  File "<string>", line 1, in <module>
ImportError: No module named python
ignoring InputState-forward
